<?xml version="1.0" encoding="UTF-8"?>
<!-- Generated by org.testng.reporters.JUnitXMLReporter -->
<testsuite ignored="0" hostname="DESKTOP-AHFSB1P" failures="2" tests="35" name="TutorialsNinja Test Cases" time="1201.38" errors="0" timestamp="2025-07-19T19:38:33 IST">
  <testcase classname="com.tutorialsninjademo.qa.testcases.RegisterTest" name="verifyRegisteringAnAccountWithMandatoryFields" time="11.633"/>
  <testcase classname="com.tutorialsninjademo.qa.testcases.RegisterTest" name="registeringAnAccountWithAllField" time="4.023"/>
  <testcase classname="com.tutorialsninjademo.qa.testcases.RegisterTest" name="verifyRegisteringAnAccountWithExistingEmailId" time="2.346"/>
  <testcase classname="com.tutorialsninjademo.qa.testcases.RegisterTest" name="verifyRegisteringAnAccountWithoutProvidingAnyDetails" time="0.837"/>
  <testcase classname="com.tutorialsninjademo.qa.testcases.RegisterTest" name="verifyRegisteringAnAccountWithInvalidEmail" time="2.934"/>
  <testcase classname="com.tutorialsninjademo.qa.testcases.RegisterTest" name="registeringAnAccountUsingKeyboardKeys" time="19.274"/>
  <testcase classname="com.tutorialsninjademo.qa.testcases.RegisterTest" name="verifyBreadCrumbPageHeadingTitleAndURLOfRegisterPage" time="0.186"/>
  <testcase classname="com.tutorialsninjademo.qa.testcases.LoginTest" name="verifyLoginWithValidCredentials" time="4.641"/>
  <testcase classname="com.tutorialsninjademo.qa.testcases.LoginTest" name="verifyLoginWithValidCredentials" time="2.111"/>
  <testcase classname="com.tutorialsninjademo.qa.testcases.LoginTest" name="verifyLoginWithValidCredentials" time="1.374"/>
  <testcase classname="com.tutorialsninjademo.qa.testcases.LoginTest" name="verifyLoginWithInvalidCredentials" time="1.422"/>
  <testcase classname="com.tutorialsninjademo.qa.testcases.LoginTest" name="verifyLoginWithInvalidEmailAndValidPassword" time="1.705"/>
  <testcase classname="com.tutorialsninjademo.qa.testcases.LoginTest" name="verifyLoginWithValidEmailAndInvalidPassword" time="1.238"/>
  <testcase classname="com.tutorialsninjademo.qa.testcases.LoginTest" name="verifyLoginWithoutProvidingCredentials" time="1.181"/>
  <testcase classname="com.tutorialsninjademo.qa.testcases.LoginTest" name="verifyDifferentWaysOfNavigatingToLoginpage" time="2.405"/>
  <testcase classname="com.tutorialsninjademo.qa.testcases.LoginTest" name="verifyBreadCrumbPageHeadingTitleAndPageURLOfLoginPage" time="0.208"/>
  <testcase classname="com.tutorialsninjademo.qa.testcases.LoginTest" name="verifyUIOfLoginPage" time="5.799">
    <failure type="java.lang.AssertionError" message="expected [false] but found [true]">
      <![CDATA[java.lang.AssertionError: expected [false] but found [true]
at com.tutorialsninjademo.qa.testcases.LoginTest.verifyUIOfLoginPage(LoginTest.java:184)
at java.base/java.util.ArrayList.forEach(ArrayList.java:1597)
... Removed 29 stack frames]]>
    </failure>
  </testcase> <!-- verifyUIOfLoginPage -->
  <testcase classname="com.tutorialsninjademo.qa.testcases.SearchTest" name="verifySearchWithValidProduct" time="2.925"/>
  <testcase classname="com.tutorialsninjademo.qa.testcases.SearchTest" name="verifySearchWithInvalidProduct" time="0.74"/>
  <testcase classname="com.tutorialsninjademo.qa.testcases.SearchTest" name="verifySearchWithoutAnyProduct" time="0.717"/>
  <testcase classname="com.tutorialsninjademo.qa.testcases.SearchTest" name="verifySearchAfterLogin" time="61.84"/>
  <testcase classname="com.tutorialsninjademo.qa.testcases.SearchTest" name="verifySearchResultingInMultipleProducts" time="6.308">
    <failure type="org.openqa.selenium.StaleElementReferenceException" message="stale element reference: stale element not found
  (Session info: chrome=138.0.7204.158)
For documentation on this error, please visit: https://www.selenium.dev/documentation/webdriver/troubleshooting/errors#stale-element-reference-exception
Build info: version: &amp;apos;4.23.1&amp;apos;, revision: &amp;apos;656257d8e9&amp;apos;
System info: os.name: &amp;apos;Windows 10&amp;apos;, os.arch: &amp;apos;amd64&amp;apos;, os.version: &amp;apos;10.0&amp;apos;, java.version: &amp;apos;22.0.1&amp;apos;
Driver info: org.openqa.selenium.chrome.ChromeDriver
Command: [93252d89fd9c5e0bd1040d326791bacd, isElementDisplayed {id=f.985F5847CE2894972A3C336D9F926741.d.BFC39C126E7C8CB48FB6AE0081A04241.e.54}]
Capabilities {acceptInsecureCerts: false, browserName: chrome, browserVersion: 138.0.7204.158, chrome: {chromedriverVersion: 138.0.7204.157 (e533e98b126..., userDataDir: C:\Users\Freq\AppData\Local...}, fedcm:accounts: true, goog:chromeOptions: {debuggerAddress: localhost:61737}, networkConnectionEnabled: false, pageLoadStrategy: normal, platformName: windows, proxy: Proxy(), se:cdp: ws://localhost:61737/devtoo..., se:cdpVersion: 138.0.7204.158, setWindowRect: true, strictFileInteractability: false, timeouts: {implicit: 0, pageLoad: 300000, script: 30000}, unhandledPromptBehavior: dismiss and notify, webauthn:extension:credBlob: true, webauthn:extension:largeBlob: true, webauthn:extension:minPinLength: true, webauthn:extension:prf: true, webauthn:virtualAuthenticators: true}
Element: [[ChromeDriver: chrome on windows (93252d89fd9c5e0bd1040d326791bacd)] -&amp;gt; name: search]
Session ID: 93252d89fd9c5e0bd1040d326791bacd">
      <![CDATA[org.openqa.selenium.StaleElementReferenceException: stale element reference: stale element not found
  (Session info: chrome=138.0.7204.158)
For documentation on this error, please visit: https://www.selenium.dev/documentation/webdriver/troubleshooting/errors#stale-element-reference-exception
Build info: version: '4.23.1', revision: '656257d8e9'
System info: os.name: 'Windows 10', os.arch: 'amd64', os.version: '10.0', java.version: '22.0.1'
Driver info: org.openqa.selenium.chrome.ChromeDriver
Command: [93252d89fd9c5e0bd1040d326791bacd, isElementDisplayed {id=f.985F5847CE2894972A3C336D9F926741.d.BFC39C126E7C8CB48FB6AE0081A04241.e.54}]
Capabilities {acceptInsecureCerts: false, browserName: chrome, browserVersion: 138.0.7204.158, chrome: {chromedriverVersion: 138.0.7204.157 (e533e98b126..., userDataDir: C:\Users\Freq\AppData\Local...}, fedcm:accounts: true, goog:chromeOptions: {debuggerAddress: localhost:61737}, networkConnectionEnabled: false, pageLoadStrategy: normal, platformName: windows, proxy: Proxy(), se:cdp: ws://localhost:61737/devtoo..., se:cdpVersion: 138.0.7204.158, setWindowRect: true, strictFileInteractability: false, timeouts: {implicit: 0, pageLoad: 300000, script: 30000}, unhandledPromptBehavior: dismiss and notify, webauthn:extension:credBlob: true, webauthn:extension:largeBlob: true, webauthn:extension:minPinLength: true, webauthn:extension:prf: true, webauthn:virtualAuthenticators: true}
Element: [[ChromeDriver: chrome on windows (93252d89fd9c5e0bd1040d326791bacd)] -> name: search]
Session ID: 93252d89fd9c5e0bd1040d326791bacd
at org.openqa.selenium.remote.ErrorCodec.decode(ErrorCodec.java:167)
at org.openqa.selenium.remote.codec.w3c.W3CHttpResponseCodec.decode(W3CHttpResponseCodec.java:138)
at org.openqa.selenium.remote.codec.w3c.W3CHttpResponseCodec.decode(W3CHttpResponseCodec.java:50)
at org.openqa.selenium.remote.HttpCommandExecutor.execute(HttpCommandExecutor.java:190)
at org.openqa.selenium.remote.service.DriverCommandExecutor.invokeExecute(DriverCommandExecutor.java:216)
at org.openqa.selenium.remote.service.DriverCommandExecutor.execute(DriverCommandExecutor.java:174)
at org.openqa.selenium.remote.RemoteWebDriver.execute(RemoteWebDriver.java:545)
at org.openqa.selenium.remote.RemoteWebElement.execute(RemoteWebElement.java:223)
at org.openqa.selenium.remote.RemoteWebElement.isDisplayed(RemoteWebElement.java:282)
at org.openqa.selenium.support.pagefactory.internal.LocatingElementHandler.invoke(LocatingElementHandler.java:51)
at jdk.proxy2/jdk.proxy2.$Proxy15.isDisplayed(Unknown Source)
at com.tutorialsnija.qa.utils.ElementUtils.isElementDisplayed(ElementUtils.java:19)
at com.tutorialsnija.qa.utils.ElementUtils.enterTextIntoElement(ElementUtils.java:56)
at com.tutorialsninja.qa.pages.HomePage.enterProductIntoSearchField(HomePage.java:66)
at com.tutorialsninjademo.qa.testcases.SearchTest.verifySearchResultingInMultipleProducts(SearchTest.java:118)
at java.base/java.util.ArrayList.forEach(ArrayList.java:1597)
... Removed 30 stack frames]]>
    </failure>
  </testcase> <!-- verifySearchResultingInMultipleProducts -->
  <testcase classname="com.tutorialsninjademo.qa.testcases.SearchTest" name="verifyMultipleProductsInSearchResult" time="1.21"/>
  <testcase classname="com.tutorialsninjademo.qa.testcases.SearchTest" name="verifySearchFieldsPlaceholders" time="0.632"/>
  <testcase classname="com.tutorialsninjademo.qa.testcases.SearchTest" name="verifySearchingForProductUsingSearchCriteriaField" time="9.031"/>
  <testcase classname="com.tutorialsninjademo.qa.testcases.SearchTest" name="verifySearchinForProductUsingSomeTextInDescription" time="2.689"/>
  <testcase classname="com.tutorialsninjademo.qa.testcases.SearchTest" name="verifySearchBySelectingSubCategory" time="5.71"/>
  <testcase classname="com.tutorialsninjademo.qa.testcases.LogoutTest" name="verifyLoggingOutUsingMyAccountDropMenu" time="4.03"/>
  <testcase classname="com.tutorialsninjademo.qa.testcases.LogoutTest" name="verifyLoggingOutUsingRightColumnOption" time="3.02"/>
  <testcase classname="com.tutorialsninjademo.qa.testcases.LogoutTest" name="verifyLoggingOutAndBrowsingBack" time="2.369"/>
  <testcase classname="com.tutorialsninjademo.qa.testcases.LogoutTest" name="verifyNoLogoutOptionIsDisplyedBeforeLogin" time="80.702"/>
  <testcase classname="com.tutorialsninjademo.qa.testcases.LogoutTest" name="verifyThereIsNoRightColumnLogoutOptionBeforeLogin" time="86.139"/>
  <testcase classname="com.tutorialsninjademo.qa.testcases.LogoutTest" name="verifyLoginAfterLogout" time="7.93"/>
  <testcase classname="com.tutorialsninjademo.qa.testcases.LogoutTest" name="verifyBreadCrumbTitleHeadingAndURLOfAccountLogoutPage" time="5.127"/>
  <testcase classname="com.tutorialsninjademo.qa.testcases.LogoutTest" name="verifyAccountLogoutFunctionality" time="2.676"/>
</testsuite> <!-- TutorialsNinja Test Cases -->
