<html>
<head>
<title>TestNG:  TutorialsNinja Test Cases</title>
<link href="../testng.css" rel="stylesheet" type="text/css" />
<link href="../my-testng.css" rel="stylesheet" type="text/css" />

<style type="text/css">
.log { display: none;} 
.stack-trace { display: none;} 
</style>
<script type="text/javascript">
<!--
function flip(e) {
  current = e.style.display;
  if (current == 'block') {
    e.style.display = 'none';
    return 0;
  }
  else {
    e.style.display = 'block';
    return 1;
  }
}

function toggleBox(szDivId, elem, msg1, msg2)
{
  var res = -1;  if (document.getElementById) {
    res = flip(document.getElementById(szDivId));
  }
  else if (document.all) {
    // this is the way old msie versions work
    res = flip(document.all[szDivId]);
  }
  if(elem) {
    if(res == 0) elem.innerHTML = msg1; else elem.innerHTML = msg2;
  }

}

function toggleAllBoxes() {
  if (document.getElementsByTagName) {
    d = document.getElementsByTagName('div');
    for (i = 0; i < d.length; i++) {
      if (d[i].className == 'log') {
        flip(d[i]);
      }
    }
  }
}

// -->
</script>

</head>
<body>
<h2 align='center'>TutorialsNinja Test Cases</h2><table border='1' align="center">
<tr>
<td>Tests passed/Failed/Skipped:</td><td>33/2/0</td>
</tr><tr>
<td>Started on:</td><td>Sat Jul 19 19:18:00 IST 2025</td>
</tr>
<tr><td>Total time:</td><td>1201 seconds (1201380 ms)</td>
</tr><tr>
<td>Included groups:</td><td></td>
</tr><tr>
<td>Excluded groups:</td><td></td>
</tr>
</table><p/>
<small><i>(Hover the method name to see the test class name)</i></small><p/>
<table width='100%' border='1' class='invocation-failed'>
<tr><td colspan='4' align='center'><b>FAILED TESTS</b></td></tr>
<tr><td><b>Test method</b></td>
<td><b>Attribute(s)</b></td>
<td width="30%"><b>Exception</b></td>
<td width="10%"><b>Time (seconds)</b></td>
<td><b>Instance</b></td>
</tr>
<tr>
<td title='com.tutorialsninjademo.qa.testcases.SearchTest.verifySearchResultingInMultipleProducts()'><b>verifySearchResultingInMultipleProducts</b><br>Test class: com.tutorialsninjademo.qa.testcases.SearchTest</td>
<td><div><pre>org.openqa.selenium.StaleElementReferenceException: stale element reference: stale element not found
  (Session info: chrome=138.0.7204.158)
For documentation on this error, please visit: https://www.selenium.dev/documentation/webdriver/troubleshooting/errors#stale-element-reference-exception
Build info: version: &apos;4.23.1&apos;, revision: &apos;656257d8e9&apos;
System info: os.name: &apos;Windows 10&apos;, os.arch: &apos;amd64&apos;, os.version: &apos;10.0&apos;, java.version: &apos;22.0.1&apos;
Driver info: org.openqa.selenium.chrome.ChromeDriver
Command: [93252d89fd9c5e0bd1040d326791bacd, isElementDisplayed {id=f.985F5847CE2894972A3C336D9F926741.d.BFC39C126E7C8CB48FB6AE0081A04241.e.54}]
Capabilities {acceptInsecureCerts: false, browserName: chrome, browserVersion: 138.0.7204.158, chrome: {chromedriverVersion: 138.0.7204.157 (e533e98b126..., userDataDir: C:\Users\Freq\AppData\Local...}, fedcm:accounts: true, goog:chromeOptions: {debuggerAddress: localhost:61737}, networkConnectionEnabled: false, pageLoadStrategy: normal, platformName: windows, proxy: Proxy(), se:cdp: ws://localhost:61737/devtoo..., se:cdpVersion: 138.0.7204.158, setWindowRect: true, strictFileInteractability: false, timeouts: {implicit: 0, pageLoad: 300000, script: 30000}, unhandledPromptBehavior: dismiss and notify, webauthn:extension:credBlob: true, webauthn:extension:largeBlob: true, webauthn:extension:minPinLength: true, webauthn:extension:prf: true, webauthn:virtualAuthenticators: true}
Element: [[ChromeDriver: chrome on windows (93252d89fd9c5e0bd1040d326791bacd)] -&gt; name: search]
Session ID: 93252d89fd9c5e0bd1040d326791bacd
	at org.openqa.selenium.remote.ErrorCodec.decode(ErrorCodec.java:167)
	at org.openqa.selenium.remote.codec.w3c.W3CHttpResponseCodec.decode(W3CHttpResponseCodec.java:138)
	at org.openqa.selenium.remote.codec.w3c.W3CHttpResponseCodec.decode(W3CHttpResponseCodec.java:50)
	at org.openqa.selenium.remote.HttpCommandExecutor.execute(HttpCommandExecutor.java:190)
	at org.openqa.selenium.remote.service.DriverCommandExecutor.invokeExecute(DriverCommandExecutor.java:216)
	at org.openqa.selenium.remote.service.DriverCommandExecutor.execute(DriverCommandExecutor.java:174)
	at org.openqa.selenium.remote.RemoteWebDriver.execute(RemoteWebDriver.java:545)
	at org.openqa.selenium.remote.RemoteWebElement.execute(RemoteWebElement.java:223)
	at org.openqa.selenium.remote.RemoteWebElement.isDisplayed(RemoteWebElement.java:282)
	at org.openqa.selenium.support.pagefactory.internal.LocatingElementHandler.invoke(LocatingElementHandler.java:51)
	at jdk.proxy2/jdk.proxy2.$Proxy15.isDisplayed(Unknown Source)
	at com.tutorialsnija.qa.utils.ElementUtils.isElementDisplayed(ElementUtils.java:19)
	at com.tutorialsnija.qa.utils.ElementUtils.enterTextIntoElement(ElementUtils.java:56)
	at com.tutorialsninja.qa.pages.HomePage.enterProductIntoSearchField(HomePage.java:66)
	at com.tutorialsninjademo.qa.testcases.SearchTest.verifySearchResultingInMultipleProducts(SearchTest.java:118)
	at java.base/java.util.ArrayList.forEach(ArrayList.java:1597)
... Removed 30 stack frames</pre></div><a href='#' onClick='toggleBox("stack-trace621996714", this, "Click to show all stack frames", "Click to hide stack frames")'>Click to show all stack frames</a>
<div class='stack-trace' id='stack-trace621996714'><pre>org.openqa.selenium.StaleElementReferenceException: stale element reference: stale element not found
  (Session info: chrome=138.0.7204.158)
For documentation on this error, please visit: https://www.selenium.dev/documentation/webdriver/troubleshooting/errors#stale-element-reference-exception
Build info: version: &apos;4.23.1&apos;, revision: &apos;656257d8e9&apos;
System info: os.name: &apos;Windows 10&apos;, os.arch: &apos;amd64&apos;, os.version: &apos;10.0&apos;, java.version: &apos;22.0.1&apos;
Driver info: org.openqa.selenium.chrome.ChromeDriver
Command: [93252d89fd9c5e0bd1040d326791bacd, isElementDisplayed {id=f.985F5847CE2894972A3C336D9F926741.d.BFC39C126E7C8CB48FB6AE0081A04241.e.54}]
Capabilities {acceptInsecureCerts: false, browserName: chrome, browserVersion: 138.0.7204.158, chrome: {chromedriverVersion: 138.0.7204.157 (e533e98b126..., userDataDir: C:\Users\Freq\AppData\Local...}, fedcm:accounts: true, goog:chromeOptions: {debuggerAddress: localhost:61737}, networkConnectionEnabled: false, pageLoadStrategy: normal, platformName: windows, proxy: Proxy(), se:cdp: ws://localhost:61737/devtoo..., se:cdpVersion: 138.0.7204.158, setWindowRect: true, strictFileInteractability: false, timeouts: {implicit: 0, pageLoad: 300000, script: 30000}, unhandledPromptBehavior: dismiss and notify, webauthn:extension:credBlob: true, webauthn:extension:largeBlob: true, webauthn:extension:minPinLength: true, webauthn:extension:prf: true, webauthn:virtualAuthenticators: true}
Element: [[ChromeDriver: chrome on windows (93252d89fd9c5e0bd1040d326791bacd)] -&gt; name: search]
Session ID: 93252d89fd9c5e0bd1040d326791bacd
	at java.base/jdk.internal.reflect.DirectConstructorHandleAccessor.newInstance(DirectConstructorHandleAccessor.java:62)
	at java.base/java.lang.reflect.Constructor.newInstanceWithCaller(Constructor.java:502)
	at java.base/java.lang.reflect.Constructor.newInstance(Constructor.java:486)
	at org.openqa.selenium.remote.ErrorCodec.decode(ErrorCodec.java:167)
	at org.openqa.selenium.remote.codec.w3c.W3CHttpResponseCodec.decode(W3CHttpResponseCodec.java:138)
	at org.openqa.selenium.remote.codec.w3c.W3CHttpResponseCodec.decode(W3CHttpResponseCodec.java:50)
	at org.openqa.selenium.remote.HttpCommandExecutor.execute(HttpCommandExecutor.java:190)
	at org.openqa.selenium.remote.service.DriverCommandExecutor.invokeExecute(DriverCommandExecutor.java:216)
	at org.openqa.selenium.remote.service.DriverCommandExecutor.execute(DriverCommandExecutor.java:174)
	at org.openqa.selenium.remote.RemoteWebDriver.execute(RemoteWebDriver.java:545)
	at org.openqa.selenium.remote.RemoteWebElement.execute(RemoteWebElement.java:223)
	at org.openqa.selenium.remote.RemoteWebElement.isDisplayed(RemoteWebElement.java:282)
	at java.base/jdk.internal.reflect.DirectMethodHandleAccessor.invoke(DirectMethodHandleAccessor.java:103)
	at java.base/java.lang.reflect.Method.invoke(Method.java:580)
	at org.openqa.selenium.support.pagefactory.internal.LocatingElementHandler.invoke(LocatingElementHandler.java:51)
	at jdk.proxy2/jdk.proxy2.$Proxy15.isDisplayed(Unknown Source)
	at com.tutorialsnija.qa.utils.ElementUtils.isElementDisplayed(ElementUtils.java:19)
	at com.tutorialsnija.qa.utils.ElementUtils.enterTextIntoElement(ElementUtils.java:56)
	at com.tutorialsninja.qa.pages.HomePage.enterProductIntoSearchField(HomePage.java:66)
	at com.tutorialsninjademo.qa.testcases.SearchTest.verifySearchResultingInMultipleProducts(SearchTest.java:118)
	at java.base/jdk.internal.reflect.DirectMethodHandleAccessor.invoke(DirectMethodHandleAccessor.java:103)
	at java.base/java.lang.reflect.Method.invoke(Method.java:580)
	at org.testng.internal.invokers.MethodInvocationHelper.invokeMethod(MethodInvocationHelper.java:141)
	at org.testng.internal.invokers.TestInvoker.invokeMethod(TestInvoker.java:686)
	at org.testng.internal.invokers.TestInvoker.invokeTestMethod(TestInvoker.java:230)
	at org.testng.internal.invokers.MethodRunner.runInSequence(MethodRunner.java:63)
	at org.testng.internal.invokers.TestInvoker$MethodInvocationAgent.invoke(TestInvoker.java:992)
	at org.testng.internal.invokers.TestInvoker.invokeTestMethods(TestInvoker.java:203)
	at org.testng.internal.invokers.TestMethodWorker.invokeTestMethods(TestMethodWorker.java:154)
	at org.testng.internal.invokers.TestMethodWorker.run(TestMethodWorker.java:134)
	at java.base/java.util.ArrayList.forEach(ArrayList.java:1597)
	at org.testng.TestRunner.privateRun(TestRunner.java:739)
	at org.testng.TestRunner.run(TestRunner.java:614)
	at org.testng.SuiteRunner.runTest(SuiteRunner.java:421)
	at org.testng.SuiteRunner.runSequentially(SuiteRunner.java:413)
	at org.testng.SuiteRunner.privateRun(SuiteRunner.java:373)
	at org.testng.SuiteRunner.run(SuiteRunner.java:312)
	at org.testng.SuiteRunnerWorker.runSuite(SuiteRunnerWorker.java:52)
	at org.testng.SuiteRunnerWorker.run(SuiteRunnerWorker.java:95)
	at org.testng.TestNG.runSuitesSequentially(TestNG.java:1274)
	at org.testng.TestNG.runSuitesLocally(TestNG.java:1208)
	at org.testng.TestNG.runSuites(TestNG.java:1112)
	at org.testng.TestNG.run(TestNG.java:1079)
	at org.testng.remote.AbstractRemoteTestNG.run(AbstractRemoteTestNG.java:115)
	at org.testng.remote.RemoteTestNG.initAndRun(RemoteTestNG.java:293)
	at org.testng.remote.RemoteTestNG.main(RemoteTestNG.java:91)
</pre></div></td>
<td>6</td>
<td>com.tutorialsninjademo.qa.testcases.SearchTest@6a4f1a55</td></tr>
<tr>
<td title='com.tutorialsninjademo.qa.testcases.LoginTest.verifyUIOfLoginPage()'><b>verifyUIOfLoginPage</b><br>Test class: com.tutorialsninjademo.qa.testcases.LoginTest</td>
<td><div><pre>java.lang.AssertionError: expected [false] but found [true]
	at com.tutorialsninjademo.qa.testcases.LoginTest.verifyUIOfLoginPage(LoginTest.java:184)
	at java.base/java.util.ArrayList.forEach(ArrayList.java:1597)
... Removed 29 stack frames</pre></div><a href='#' onClick='toggleBox("stack-trace407404434", this, "Click to show all stack frames", "Click to hide stack frames")'>Click to show all stack frames</a>
<div class='stack-trace' id='stack-trace407404434'><pre>java.lang.AssertionError: expected [false] but found [true]
	at org.testng.Assert.fail(Assert.java:111)
	at org.testng.Assert.failNotEquals(Assert.java:1578)
	at org.testng.Assert.assertFalse(Assert.java:79)
	at org.testng.Assert.assertFalse(Assert.java:89)
	at com.tutorialsninjademo.qa.testcases.LoginTest.verifyUIOfLoginPage(LoginTest.java:184)
	at java.base/jdk.internal.reflect.DirectMethodHandleAccessor.invoke(DirectMethodHandleAccessor.java:103)
	at java.base/java.lang.reflect.Method.invoke(Method.java:580)
	at org.testng.internal.invokers.MethodInvocationHelper.invokeMethod(MethodInvocationHelper.java:141)
	at org.testng.internal.invokers.TestInvoker.invokeMethod(TestInvoker.java:686)
	at org.testng.internal.invokers.TestInvoker.invokeTestMethod(TestInvoker.java:230)
	at org.testng.internal.invokers.MethodRunner.runInSequence(MethodRunner.java:63)
	at org.testng.internal.invokers.TestInvoker$MethodInvocationAgent.invoke(TestInvoker.java:992)
	at org.testng.internal.invokers.TestInvoker.invokeTestMethods(TestInvoker.java:203)
	at org.testng.internal.invokers.TestMethodWorker.invokeTestMethods(TestMethodWorker.java:154)
	at org.testng.internal.invokers.TestMethodWorker.run(TestMethodWorker.java:134)
	at java.base/java.util.ArrayList.forEach(ArrayList.java:1597)
	at org.testng.TestRunner.privateRun(TestRunner.java:739)
	at org.testng.TestRunner.run(TestRunner.java:614)
	at org.testng.SuiteRunner.runTest(SuiteRunner.java:421)
	at org.testng.SuiteRunner.runSequentially(SuiteRunner.java:413)
	at org.testng.SuiteRunner.privateRun(SuiteRunner.java:373)
	at org.testng.SuiteRunner.run(SuiteRunner.java:312)
	at org.testng.SuiteRunnerWorker.runSuite(SuiteRunnerWorker.java:52)
	at org.testng.SuiteRunnerWorker.run(SuiteRunnerWorker.java:95)
	at org.testng.TestNG.runSuitesSequentially(TestNG.java:1274)
	at org.testng.TestNG.runSuitesLocally(TestNG.java:1208)
	at org.testng.TestNG.runSuites(TestNG.java:1112)
	at org.testng.TestNG.run(TestNG.java:1079)
	at org.testng.remote.AbstractRemoteTestNG.run(AbstractRemoteTestNG.java:115)
	at org.testng.remote.RemoteTestNG.initAndRun(RemoteTestNG.java:293)
	at org.testng.remote.RemoteTestNG.main(RemoteTestNG.java:91)
</pre></div></td>
<td>5</td>
<td>com.tutorialsninjademo.qa.testcases.LoginTest@1b919693</td></tr>
</table><p>
<table width='100%' border='1' class='invocation-passed'>
<tr><td colspan='4' align='center'><b>PASSED TESTS</b></td></tr>
<tr><td><b>Test method</b></td>
<td><b>Attribute(s)</b></td>
<td width="30%"><b>Exception</b></td>
<td width="10%"><b>Time (seconds)</b></td>
<td><b>Instance</b></td>
</tr>
<tr>
<td title='com.tutorialsninjademo.qa.testcases.SearchTest.verifySearchFieldsPlaceholders()'><b>verifySearchFieldsPlaceholders</b><br>Test class: com.tutorialsninjademo.qa.testcases.SearchTest</td>
<td></td>
<td>0</td>
<td>com.tutorialsninjademo.qa.testcases.SearchTest@6a4f1a55</td></tr>
<tr>
<td title='com.tutorialsninjademo.qa.testcases.LogoutTest.verifyLoggingOutAndBrowsingBack()'><b>verifyLoggingOutAndBrowsingBack</b><br>Test class: com.tutorialsninjademo.qa.testcases.LogoutTest</td>
<td></td>
<td>2</td>
<td>com.tutorialsninjademo.qa.testcases.LogoutTest@7dfd3c81</td></tr>
<tr>
<td title='com.tutorialsninjademo.qa.testcases.LoginTest.verifyLoginWithInvalidEmailAndValidPassword()'><b>verifyLoginWithInvalidEmailAndValidPassword</b><br>Test class: com.tutorialsninjademo.qa.testcases.LoginTest</td>
<td></td>
<td>1</td>
<td>com.tutorialsninjademo.qa.testcases.LoginTest@1b919693</td></tr>
<tr>
<td title='com.tutorialsninjademo.qa.testcases.LoginTest.verifyLoginWithoutProvidingCredentials()'><b>verifyLoginWithoutProvidingCredentials</b><br>Test class: com.tutorialsninjademo.qa.testcases.LoginTest</td>
<td></td>
<td>1</td>
<td>com.tutorialsninjademo.qa.testcases.LoginTest@1b919693</td></tr>
<tr>
<td title='com.tutorialsninjademo.qa.testcases.SearchTest.verifySearchWithInvalidProduct()'><b>verifySearchWithInvalidProduct</b><br>Test class: com.tutorialsninjademo.qa.testcases.SearchTest</td>
<td></td>
<td>0</td>
<td>com.tutorialsninjademo.qa.testcases.SearchTest@6a4f1a55</td></tr>
<tr>
<td title='com.tutorialsninjademo.qa.testcases.SearchTest.verifySearchAfterLogin()'><b>verifySearchAfterLogin</b><br>Test class: com.tutorialsninjademo.qa.testcases.SearchTest</td>
<td></td>
<td>61</td>
<td>com.tutorialsninjademo.qa.testcases.SearchTest@6a4f1a55</td></tr>
<tr>
<td title='com.tutorialsninjademo.qa.testcases.RegisterTest.verifyRegisteringAnAccountWithoutProvidingAnyDetails()'><b>verifyRegisteringAnAccountWithoutProvidingAnyDetails</b><br>Test class: com.tutorialsninjademo.qa.testcases.RegisterTest</td>
<td></td>
<td>0</td>
<td>com.tutorialsninjademo.qa.testcases.RegisterTest@48e1f6c7</td></tr>
<tr>
<td title='com.tutorialsninjademo.qa.testcases.LoginTest.verifyLoginWithValidCredentials()'><b>verifyLoginWithValidCredentials</b><br>Test class: com.tutorialsninjademo.qa.testcases.LoginTest<br>Parameters: qa.testing1@gmail.com, 123456</td>
<td></td>
<td>4</td>
<td>com.tutorialsninjademo.qa.testcases.LoginTest@1b919693</td></tr>
<tr>
<td title='com.tutorialsninjademo.qa.testcases.RegisterTest.verifyRegisteringAnAccountWithMandatoryFields()'><b>verifyRegisteringAnAccountWithMandatoryFields</b><br>Test class: com.tutorialsninjademo.qa.testcases.RegisterTest</td>
<td></td>
<td>11</td>
<td>com.tutorialsninjademo.qa.testcases.RegisterTest@48e1f6c7</td></tr>
<tr>
<td title='com.tutorialsninjademo.qa.testcases.LogoutTest.verifyNoLogoutOptionIsDisplyedBeforeLogin()'><b>verifyNoLogoutOptionIsDisplyedBeforeLogin</b><br>Test class: com.tutorialsninjademo.qa.testcases.LogoutTest</td>
<td></td>
<td>80</td>
<td>com.tutorialsninjademo.qa.testcases.LogoutTest@7dfd3c81</td></tr>
<tr>
<td title='com.tutorialsninjademo.qa.testcases.RegisterTest.registeringAnAccountWithAllField()'><b>registeringAnAccountWithAllField</b><br>Test class: com.tutorialsninjademo.qa.testcases.RegisterTest</td>
<td></td>
<td>4</td>
<td>com.tutorialsninjademo.qa.testcases.RegisterTest@48e1f6c7</td></tr>
<tr>
<td title='com.tutorialsninjademo.qa.testcases.LoginTest.verifyLoginWithInvalidCredentials()'><b>verifyLoginWithInvalidCredentials</b><br>Test class: com.tutorialsninjademo.qa.testcases.LoginTest</td>
<td></td>
<td>1</td>
<td>com.tutorialsninjademo.qa.testcases.LoginTest@1b919693</td></tr>
<tr>
<td title='com.tutorialsninjademo.qa.testcases.LoginTest.verifyDifferentWaysOfNavigatingToLoginpage()'><b>verifyDifferentWaysOfNavigatingToLoginpage</b><br>Test class: com.tutorialsninjademo.qa.testcases.LoginTest</td>
<td></td>
<td>2</td>
<td>com.tutorialsninjademo.qa.testcases.LoginTest@1b919693</td></tr>
<tr>
<td title='com.tutorialsninjademo.qa.testcases.LoginTest.verifyLoginWithValidCredentials()'><b>verifyLoginWithValidCredentials</b><br>Test class: com.tutorialsninjademo.qa.testcases.LoginTest<br>Parameters: qa.testing3@gmail.com, 123456</td>
<td></td>
<td>1</td>
<td>com.tutorialsninjademo.qa.testcases.LoginTest@1b919693</td></tr>
<tr>
<td title='com.tutorialsninjademo.qa.testcases.LogoutTest.verifyLoggingOutUsingMyAccountDropMenu()'><b>verifyLoggingOutUsingMyAccountDropMenu</b><br>Test class: com.tutorialsninjademo.qa.testcases.LogoutTest</td>
<td></td>
<td>4</td>
<td>com.tutorialsninjademo.qa.testcases.LogoutTest@7dfd3c81</td></tr>
<tr>
<td title='com.tutorialsninjademo.qa.testcases.LogoutTest.verifyThereIsNoRightColumnLogoutOptionBeforeLogin()'><b>verifyThereIsNoRightColumnLogoutOptionBeforeLogin</b><br>Test class: com.tutorialsninjademo.qa.testcases.LogoutTest</td>
<td></td>
<td>86</td>
<td>com.tutorialsninjademo.qa.testcases.LogoutTest@7dfd3c81</td></tr>
<tr>
<td title='com.tutorialsninjademo.qa.testcases.RegisterTest.verifyRegisteringAnAccountWithExistingEmailId()'><b>verifyRegisteringAnAccountWithExistingEmailId</b><br>Test class: com.tutorialsninjademo.qa.testcases.RegisterTest</td>
<td></td>
<td>2</td>
<td>com.tutorialsninjademo.qa.testcases.RegisterTest@48e1f6c7</td></tr>
<tr>
<td title='com.tutorialsninjademo.qa.testcases.RegisterTest.verifyRegisteringAnAccountWithInvalidEmail()'><b>verifyRegisteringAnAccountWithInvalidEmail</b><br>Test class: com.tutorialsninjademo.qa.testcases.RegisterTest</td>
<td></td>
<td>2</td>
<td>com.tutorialsninjademo.qa.testcases.RegisterTest@48e1f6c7</td></tr>
<tr>
<td title='com.tutorialsninjademo.qa.testcases.RegisterTest.verifyBreadCrumbPageHeadingTitleAndURLOfRegisterPage()'><b>verifyBreadCrumbPageHeadingTitleAndURLOfRegisterPage</b><br>Test class: com.tutorialsninjademo.qa.testcases.RegisterTest</td>
<td></td>
<td>0</td>
<td>com.tutorialsninjademo.qa.testcases.RegisterTest@48e1f6c7</td></tr>
<tr>
<td title='com.tutorialsninjademo.qa.testcases.LoginTest.verifyLoginWithValidCredentials()'><b>verifyLoginWithValidCredentials</b><br>Test class: com.tutorialsninjademo.qa.testcases.LoginTest<br>Parameters: qa.testing2@gmail.com, 123456</td>
<td></td>
<td>2</td>
<td>com.tutorialsninjademo.qa.testcases.LoginTest@1b919693</td></tr>
<tr>
<td title='com.tutorialsninjademo.qa.testcases.SearchTest.verifySearchWithoutAnyProduct()'><b>verifySearchWithoutAnyProduct</b><br>Test class: com.tutorialsninjademo.qa.testcases.SearchTest</td>
<td></td>
<td>0</td>
<td>com.tutorialsninjademo.qa.testcases.SearchTest@6a4f1a55</td></tr>
<tr>
<td title='com.tutorialsninjademo.qa.testcases.SearchTest.verifySearchingForProductUsingSearchCriteriaField()'><b>verifySearchingForProductUsingSearchCriteriaField</b><br>Test class: com.tutorialsninjademo.qa.testcases.SearchTest</td>
<td></td>
<td>9</td>
<td>com.tutorialsninjademo.qa.testcases.SearchTest@6a4f1a55</td></tr>
<tr>
<td title='com.tutorialsninjademo.qa.testcases.LogoutTest.verifyLoginAfterLogout()'><b>verifyLoginAfterLogout</b><br>Test class: com.tutorialsninjademo.qa.testcases.LogoutTest</td>
<td></td>
<td>7</td>
<td>com.tutorialsninjademo.qa.testcases.LogoutTest@7dfd3c81</td></tr>
<tr>
<td title='com.tutorialsninjademo.qa.testcases.RegisterTest.registeringAnAccountUsingKeyboardKeys()'><b>registeringAnAccountUsingKeyboardKeys</b><br>Test class: com.tutorialsninjademo.qa.testcases.RegisterTest</td>
<td></td>
<td>19</td>
<td>com.tutorialsninjademo.qa.testcases.RegisterTest@48e1f6c7</td></tr>
<tr>
<td title='com.tutorialsninjademo.qa.testcases.SearchTest.verifySearchWithValidProduct()'><b>verifySearchWithValidProduct</b><br>Test class: com.tutorialsninjademo.qa.testcases.SearchTest</td>
<td></td>
<td>2</td>
<td>com.tutorialsninjademo.qa.testcases.SearchTest@6a4f1a55</td></tr>
<tr>
<td title='com.tutorialsninjademo.qa.testcases.LogoutTest.verifyBreadCrumbTitleHeadingAndURLOfAccountLogoutPage()'><b>verifyBreadCrumbTitleHeadingAndURLOfAccountLogoutPage</b><br>Test class: com.tutorialsninjademo.qa.testcases.LogoutTest</td>
<td></td>
<td>5</td>
<td>com.tutorialsninjademo.qa.testcases.LogoutTest@7dfd3c81</td></tr>
<tr>
<td title='com.tutorialsninjademo.qa.testcases.LoginTest.verifyBreadCrumbPageHeadingTitleAndPageURLOfLoginPage()'><b>verifyBreadCrumbPageHeadingTitleAndPageURLOfLoginPage</b><br>Test class: com.tutorialsninjademo.qa.testcases.LoginTest</td>
<td></td>
<td>0</td>
<td>com.tutorialsninjademo.qa.testcases.LoginTest@1b919693</td></tr>
<tr>
<td title='com.tutorialsninjademo.qa.testcases.SearchTest.verifySearchinForProductUsingSomeTextInDescription()'><b>verifySearchinForProductUsingSomeTextInDescription</b><br>Test class: com.tutorialsninjademo.qa.testcases.SearchTest</td>
<td></td>
<td>2</td>
<td>com.tutorialsninjademo.qa.testcases.SearchTest@6a4f1a55</td></tr>
<tr>
<td title='com.tutorialsninjademo.qa.testcases.LogoutTest.verifyAccountLogoutFunctionality()'><b>verifyAccountLogoutFunctionality</b><br>Test class: com.tutorialsninjademo.qa.testcases.LogoutTest</td>
<td></td>
<td>2</td>
<td>com.tutorialsninjademo.qa.testcases.LogoutTest@7dfd3c81</td></tr>
<tr>
<td title='com.tutorialsninjademo.qa.testcases.SearchTest.verifyMultipleProductsInSearchResult()'><b>verifyMultipleProductsInSearchResult</b><br>Test class: com.tutorialsninjademo.qa.testcases.SearchTest</td>
<td></td>
<td>1</td>
<td>com.tutorialsninjademo.qa.testcases.SearchTest@6a4f1a55</td></tr>
<tr>
<td title='com.tutorialsninjademo.qa.testcases.SearchTest.verifySearchBySelectingSubCategory()'><b>verifySearchBySelectingSubCategory</b><br>Test class: com.tutorialsninjademo.qa.testcases.SearchTest</td>
<td></td>
<td>5</td>
<td>com.tutorialsninjademo.qa.testcases.SearchTest@6a4f1a55</td></tr>
<tr>
<td title='com.tutorialsninjademo.qa.testcases.LogoutTest.verifyLoggingOutUsingRightColumnOption()'><b>verifyLoggingOutUsingRightColumnOption</b><br>Test class: com.tutorialsninjademo.qa.testcases.LogoutTest</td>
<td></td>
<td>3</td>
<td>com.tutorialsninjademo.qa.testcases.LogoutTest@7dfd3c81</td></tr>
<tr>
<td title='com.tutorialsninjademo.qa.testcases.LoginTest.verifyLoginWithValidEmailAndInvalidPassword()'><b>verifyLoginWithValidEmailAndInvalidPassword</b><br>Test class: com.tutorialsninjademo.qa.testcases.LoginTest</td>
<td></td>
<td>1</td>
<td>com.tutorialsninjademo.qa.testcases.LoginTest@1b919693</td></tr>
</table><p>
</body>
</html>